0 verbose cli /home/vagrant/.volta/tools/image/node/20.10.0/bin/node /home/vagrant/.volta/tools/image/npm/10.2.4/bin/npm-cli.js
1 info using npm@10.2.4
2 info using node@v20.10.0
3 timing npm:load:whichnode Completed in 78ms
4 timing config:load:defaults Completed in 1ms
5 timing config:load:file:/home/vagrant/.volta/tools/image/npm/10.2.4/npmrc Completed in 16ms
6 timing config:load:builtin Completed in 16ms
7 timing config:load:cli Completed in 1ms
8 timing config:load:env Completed in 1ms
9 timing config:load:file:/home/vagrant/blog/.npmrc Completed in 0ms
10 timing config:load:project Completed in 0ms
11 timing config:load:file:/home/vagrant/.npmrc Completed in 0ms
12 timing config:load:user Completed in 0ms
13 timing config:load:file:/home/vagrant/.volta/tools/image/node/20.10.0/etc/npmrc Completed in 0ms
14 timing config:load:global Completed in 0ms
15 timing config:load:setEnvs Completed in 1ms
16 timing config:load Completed in 20ms
17 timing npm:load:configload Completed in 20ms
18 timing config:load:flatten Completed in 1ms
19 timing npm:load:mkdirpcache Completed in 10ms
20 timing npm:load:mkdirplogs Completed in 1ms
21 verbose title npm install
22 verbose argv "install"
23 timing npm:load:setTitle Completed in 0ms
24 timing npm:load:display Completed in 1ms
25 verbose logfile logs-max:10 dir:/home/vagrant/.npm/_logs/2023-12-12T07_16_44_394Z-
26 verbose logfile /home/vagrant/.npm/_logs/2023-12-12T07_16_44_394Z-debug-0.log
27 timing npm:load:logFile Completed in 6ms
28 timing npm:load:timers Completed in 0ms
29 timing npm:load:configScope Completed in 0ms
30 timing npm:load Completed in 141ms
31 timing arborist:ctor Completed in 1ms
32 silly logfile done cleaning log files
33 timing arborist:ctor Completed in 0ms
34 timing idealTree:init Completed in 9ms
35 timing idealTree:userRequests Completed in 0ms
36 silly idealTree buildDeps
37 silly fetch manifest react@^18
38 http fetch GET 200 https://registry.npmjs.org/react 3219ms (cache miss)
39 silly fetch manifest react-dom@^18
40 http fetch GET 200 https://registry.npmjs.org/react-dom 2405ms (cache miss)
41 silly fetch manifest next@14.0.4
42 http fetch GET 200 https://registry.npmjs.org/next 3849ms (cache miss)
43 silly fetch manifest @opentelemetry/api@^1.1.0
44 http fetch GET 200 https://registry.npmjs.org/@opentelemetry%2fapi 703ms (cache miss)
45 silly fetch manifest sass@^1.3.0
46 http fetch GET 200 https://registry.npmjs.org/sass 716ms (cache miss)
47 silly placeDep ROOT next@14.0.4 OK for: blog@0.1.0 want: 14.0.4
48 silly placeDep ROOT react@18.2.0 OK for: next@14.0.4 want: ^18.2.0
49 silly placeDep ROOT react-dom@18.2.0 OK for: next@14.0.4 want: ^18.2.0
50 silly fetch manifest @next/env@14.0.4
51 silly fetch manifest @swc/helpers@0.5.2
52 silly fetch manifest busboy@1.6.0
53 silly fetch manifest caniuse-lite@^1.0.30001406
54 silly fetch manifest graceful-fs@^4.2.11
55 silly fetch manifest postcss@8.4.31
56 silly fetch manifest styled-jsx@5.1.1
57 silly fetch manifest watchpack@2.4.0
58 silly fetch manifest @next/swc-darwin-arm64@14.0.4
59 silly fetch manifest @next/swc-darwin-x64@14.0.4
60 silly fetch manifest @next/swc-linux-arm64-gnu@14.0.4
61 silly fetch manifest @next/swc-linux-arm64-musl@14.0.4
62 silly fetch manifest @next/swc-linux-x64-gnu@14.0.4
63 silly fetch manifest @next/swc-linux-x64-musl@14.0.4
64 silly fetch manifest @next/swc-win32-arm64-msvc@14.0.4
65 silly fetch manifest @next/swc-win32-ia32-msvc@14.0.4
66 silly fetch manifest @next/swc-win32-x64-msvc@14.0.4
67 silly fetch manifest loose-envify@^1.1.0
68 silly fetch manifest scheduler@^0.23.0
69 http fetch GET 200 https://registry.npmjs.org/@swc%2fhelpers 538ms (cache miss)
70 http fetch GET 200 https://registry.npmjs.org/loose-envify 787ms (cache revalidated)
71 http fetch GET 200 https://registry.npmjs.org/postcss 818ms (cache revalidated)
72 http fetch GET 200 https://registry.npmjs.org/graceful-fs 1236ms (cache revalidated)
73 http fetch GET 200 https://registry.npmjs.org/watchpack 1261ms (cache miss)
74 http fetch GET 200 https://registry.npmjs.org/busboy 1690ms (cache miss)
75 http fetch GET 200 https://registry.npmjs.org/@next%2fswc-linux-arm64-gnu 2681ms (cache miss)
76 http fetch GET 200 https://registry.npmjs.org/caniuse-lite 2721ms (cache miss)
77 http fetch GET 200 https://registry.npmjs.org/@next%2fenv 3156ms (cache miss)
78 http fetch GET 200 https://registry.npmjs.org/@next%2fswc-linux-arm64-musl 3552ms (cache miss)
79 http fetch GET 200 https://registry.npmjs.org/styled-jsx 3666ms (cache miss)
80 http fetch GET 200 https://registry.npmjs.org/@next%2fswc-darwin-x64 4073ms (cache miss)
81 http fetch GET 200 https://registry.npmjs.org/@next%2fswc-win32-x64-msvc 4683ms (cache miss)
82 http fetch GET 200 https://registry.npmjs.org/@next%2fswc-linux-x64-musl 4938ms (cache miss)
83 http fetch GET 200 https://registry.npmjs.org/@next%2fswc-win32-ia32-msvc 5116ms (cache miss)
84 http fetch GET 200 https://registry.npmjs.org/@next%2fswc-win32-arm64-msvc 5711ms (cache miss)
85 http fetch GET 200 https://registry.npmjs.org/@next%2fswc-darwin-arm64 6168ms (cache miss)
86 http fetch GET 200 https://registry.npmjs.org/@next%2fswc-linux-x64-gnu 6994ms (cache miss)
87 http fetch GET 200 https://registry.npmjs.org/scheduler 8128ms (cache miss)
88 timing idealTree:#root Completed in 19192ms
89 silly fetch manifest react@^18.2.0
90 silly placeDep ROOT @next/env@14.0.4 OK for: next@14.0.4 want: 14.0.4
91 silly placeDep ROOT @next/swc-darwin-arm64@14.0.4 OK for: next@14.0.4 want: 14.0.4
92 silly placeDep ROOT @next/swc-darwin-x64@14.0.4 OK for: next@14.0.4 want: 14.0.4
93 silly placeDep ROOT @next/swc-linux-arm64-gnu@14.0.4 OK for: next@14.0.4 want: 14.0.4
94 silly placeDep ROOT @next/swc-linux-arm64-musl@14.0.4 OK for: next@14.0.4 want: 14.0.4
95 silly placeDep ROOT @next/swc-linux-x64-gnu@14.0.4 OK for: next@14.0.4 want: 14.0.4
96 silly placeDep ROOT @next/swc-linux-x64-musl@14.0.4 OK for: next@14.0.4 want: 14.0.4
97 silly placeDep ROOT @next/swc-win32-arm64-msvc@14.0.4 OK for: next@14.0.4 want: 14.0.4
98 silly placeDep ROOT @next/swc-win32-ia32-msvc@14.0.4 OK for: next@14.0.4 want: 14.0.4
99 silly placeDep ROOT @next/swc-win32-x64-msvc@14.0.4 OK for: next@14.0.4 want: 14.0.4
100 silly placeDep ROOT @swc/helpers@0.5.2 OK for: next@14.0.4 want: 0.5.2
101 silly fetch manifest tslib@^2.4.0
102 silly placeDep ROOT busboy@1.6.0 OK for: next@14.0.4 want: 1.6.0
103 silly fetch manifest streamsearch@^1.1.0
104 silly placeDep ROOT caniuse-lite@1.0.30001568 OK for: next@14.0.4 want: ^1.0.30001406
105 silly placeDep ROOT graceful-fs@4.2.11 OK for: next@14.0.4 want: ^4.2.11
106 silly placeDep ROOT postcss@8.4.31 OK for: next@14.0.4 want: 8.4.31
107 silly fetch manifest nanoid@^3.3.6
108 silly fetch manifest picocolors@^1.0.0
109 silly fetch manifest source-map-js@^1.0.2
110 silly placeDep ROOT styled-jsx@5.1.1 OK for: next@14.0.4 want: 5.1.1
111 silly fetch manifest client-only@0.0.1
112 silly placeDep ROOT watchpack@2.4.0 OK for: next@14.0.4 want: 2.4.0
113 silly fetch manifest glob-to-regexp@^0.4.1
114 http fetch GET 200 https://registry.npmjs.org/streamsearch 147ms (cache miss)
115 http fetch GET 200 https://registry.npmjs.org/client-only 164ms (cache miss)
116 http fetch GET 200 https://registry.npmjs.org/tslib 171ms (cache revalidated)
117 http fetch GET 200 https://registry.npmjs.org/picocolors 166ms (cache revalidated)
118 http fetch GET 200 https://registry.npmjs.org/source-map-js 167ms (cache miss)
119 http fetch GET 200 https://registry.npmjs.org/glob-to-regexp 187ms (cache miss)
120 http fetch GET 200 https://registry.npmjs.org/nanoid 523ms (cache miss)
121 timing idealTree:node_modules/next Completed in 545ms
122 timing idealTree:node_modules/@next/env Completed in 0ms
123 timing idealTree:node_modules/@next/swc-darwin-arm64 Completed in 0ms
124 timing idealTree:node_modules/@next/swc-darwin-x64 Completed in 0ms
125 timing idealTree:node_modules/@next/swc-linux-arm64-gnu Completed in 0ms
126 timing idealTree:node_modules/@next/swc-linux-arm64-musl Completed in 0ms
127 timing idealTree:node_modules/@next/swc-linux-x64-gnu Completed in 0ms
128 timing idealTree:node_modules/@next/swc-linux-x64-musl Completed in 0ms
129 timing idealTree:node_modules/@next/swc-win32-arm64-msvc Completed in 0ms
130 timing idealTree:node_modules/@next/swc-win32-ia32-msvc Completed in 0ms
131 timing idealTree:node_modules/@next/swc-win32-x64-msvc Completed in 0ms
132 silly placeDep ROOT tslib@2.6.2 OK for: @swc/helpers@0.5.2 want: ^2.4.0
133 timing idealTree:node_modules/@swc/helpers Completed in 1ms
134 silly placeDep ROOT streamsearch@1.1.0 OK for: busboy@1.6.0 want: ^1.1.0
135 timing idealTree:node_modules/busboy Completed in 1ms
136 timing idealTree:node_modules/caniuse-lite Completed in 0ms
137 timing idealTree:node_modules/graceful-fs Completed in 0ms
138 silly placeDep ROOT nanoid@3.3.7 OK for: postcss@8.4.31 want: ^3.3.6
139 silly placeDep ROOT picocolors@1.0.0 OK for: postcss@8.4.31 want: ^1.0.0
140 silly placeDep ROOT source-map-js@1.0.2 OK for: postcss@8.4.31 want: ^1.0.2
141 timing idealTree:node_modules/postcss Completed in 10ms
142 timing idealTree:node_modules/nanoid Completed in 0ms
143 timing idealTree:node_modules/picocolors Completed in 0ms
144 silly placeDep ROOT loose-envify@1.4.0 OK for: react@18.2.0 want: ^1.1.0
145 silly fetch manifest js-tokens@^3.0.0 || ^4.0.0
146 http fetch GET 200 https://registry.npmjs.org/js-tokens 327ms (cache revalidated)
147 timing idealTree:node_modules/react Completed in 330ms
148 silly placeDep ROOT js-tokens@4.0.0 OK for: loose-envify@1.4.0 want: ^3.0.0 || ^4.0.0
149 timing idealTree:node_modules/loose-envify Completed in 2ms
150 timing idealTree:node_modules/js-tokens Completed in 0ms
151 silly placeDep ROOT scheduler@0.23.0 OK for: react-dom@18.2.0 want: ^0.23.0
152 timing idealTree:node_modules/react-dom Completed in 2ms
153 timing idealTree:node_modules/scheduler Completed in 0ms
154 timing idealTree:node_modules/source-map-js Completed in 0ms
155 timing idealTree:node_modules/streamsearch Completed in 0ms
156 silly placeDep ROOT client-only@0.0.1 OK for: styled-jsx@5.1.1 want: 0.0.1
157 timing idealTree:node_modules/styled-jsx Completed in 1ms
158 timing idealTree:node_modules/client-only Completed in 0ms
159 timing idealTree:node_modules/tslib Completed in 0ms
160 silly placeDep ROOT glob-to-regexp@0.4.1 OK for: watchpack@2.4.0 want: ^0.4.1
161 timing idealTree:node_modules/watchpack Completed in 1ms
162 timing idealTree:node_modules/glob-to-regexp Completed in 0ms
163 timing idealTree:buildDeps Completed in 20086ms
164 timing idealTree:fixDepFlags Completed in 0ms
165 timing idealTree Completed in 20096ms
166 timing reify:loadTrees Completed in 20097ms
167 timing reify:diffTrees Completed in 1ms
168 silly reify moves {}
169 timing reify:retireShallow Completed in 1ms
170 timing reify:createSparse Completed in 18ms
171 timing reify:loadBundles Completed in 0ms
172 silly audit bulk request {
172 silly audit   next: [ '14.0.4' ],
172 silly audit   react: [ '18.2.0' ],
172 silly audit   'react-dom': [ '18.2.0' ],
172 silly audit   '@next/env': [ '14.0.4' ],
172 silly audit   '@next/swc-darwin-arm64': [ '14.0.4' ],
172 silly audit   '@next/swc-darwin-x64': [ '14.0.4' ],
172 silly audit   '@next/swc-linux-arm64-gnu': [ '14.0.4' ],
172 silly audit   '@next/swc-linux-arm64-musl': [ '14.0.4' ],
172 silly audit   '@next/swc-linux-x64-gnu': [ '14.0.4' ],
172 silly audit   '@next/swc-linux-x64-musl': [ '14.0.4' ],
172 silly audit   '@next/swc-win32-arm64-msvc': [ '14.0.4' ],
172 silly audit   '@next/swc-win32-ia32-msvc': [ '14.0.4' ],
172 silly audit   '@next/swc-win32-x64-msvc': [ '14.0.4' ],
172 silly audit   '@swc/helpers': [ '0.5.2' ],
172 silly audit   busboy: [ '1.6.0' ],
172 silly audit   'caniuse-lite': [ '1.0.30001568' ],
172 silly audit   'graceful-fs': [ '4.2.11' ],
172 silly audit   postcss: [ '8.4.31' ],
172 silly audit   'styled-jsx': [ '5.1.1' ],
172 silly audit   watchpack: [ '2.4.0' ],
172 silly audit   tslib: [ '2.6.2' ],
172 silly audit   streamsearch: [ '1.1.0' ],
172 silly audit   nanoid: [ '3.3.7' ],
172 silly audit   picocolors: [ '1.0.0' ],
172 silly audit   'source-map-js': [ '1.0.2' ],
172 silly audit   'loose-envify': [ '1.4.0' ],
172 silly audit   'js-tokens': [ '4.0.0' ],
172 silly audit   scheduler: [ '0.23.0' ],
172 silly audit   'client-only': [ '0.0.1' ],
172 silly audit   'glob-to-regexp': [ '0.4.1' ]
172 silly audit }
173 verbose reify failed optional dependency /home/vagrant/blog/node_modules/@next/swc-win32-x64-msvc
174 silly reify mark deleted [ '/home/vagrant/blog/node_modules/@next/swc-win32-x64-msvc' ]
175 verbose reify failed optional dependency /home/vagrant/blog/node_modules/@next/swc-win32-ia32-msvc
176 silly reify mark deleted [ '/home/vagrant/blog/node_modules/@next/swc-win32-ia32-msvc' ]
177 verbose reify failed optional dependency /home/vagrant/blog/node_modules/@next/swc-win32-arm64-msvc
178 silly reify mark deleted [ '/home/vagrant/blog/node_modules/@next/swc-win32-arm64-msvc' ]
179 verbose reify failed optional dependency /home/vagrant/blog/node_modules/@next/swc-linux-arm64-musl
180 silly reify mark deleted [ '/home/vagrant/blog/node_modules/@next/swc-linux-arm64-musl' ]
181 verbose reify failed optional dependency /home/vagrant/blog/node_modules/@next/swc-linux-arm64-gnu
182 silly reify mark deleted [ '/home/vagrant/blog/node_modules/@next/swc-linux-arm64-gnu' ]
183 verbose reify failed optional dependency /home/vagrant/blog/node_modules/@next/swc-darwin-x64
184 silly reify mark deleted [ '/home/vagrant/blog/node_modules/@next/swc-darwin-x64' ]
185 verbose reify failed optional dependency /home/vagrant/blog/node_modules/@next/swc-darwin-arm64
186 silly reify mark deleted [ '/home/vagrant/blog/node_modules/@next/swc-darwin-arm64' ]
187 timing reifyNode:node_modules/@next/swc-win32-x64-msvc Completed in 5ms
188 timing reifyNode:node_modules/@next/swc-win32-ia32-msvc Completed in 5ms
189 timing reifyNode:node_modules/@next/swc-win32-arm64-msvc Completed in 6ms
190 timing reifyNode:node_modules/@next/swc-linux-arm64-musl Completed in 6ms
191 timing reifyNode:node_modules/@next/swc-linux-arm64-gnu Completed in 6ms
192 timing reifyNode:node_modules/@next/swc-darwin-x64 Completed in 6ms
193 timing reifyNode:node_modules/@next/swc-darwin-arm64 Completed in 6ms
194 silly tarball no local data for scheduler@https://registry.npmjs.org/scheduler/-/scheduler-0.23.0.tgz. Extracting by manifest.
195 silly tarball no local data for streamsearch@https://registry.npmjs.org/streamsearch/-/streamsearch-1.1.0.tgz. Extracting by manifest.
196 silly tarball no local data for glob-to-regexp@https://registry.npmjs.org/glob-to-regexp/-/glob-to-regexp-0.4.1.tgz. Extracting by manifest.
197 silly tarball no local data for source-map-js@https://registry.npmjs.org/source-map-js/-/source-map-js-1.0.2.tgz. Extracting by manifest.
198 silly tarball no local data for client-only@https://registry.npmjs.org/client-only/-/client-only-0.0.1.tgz. Extracting by manifest.
199 silly tarball no local data for picocolors@https://registry.npmjs.org/picocolors/-/picocolors-1.0.0.tgz. Extracting by manifest.
200 silly tarball no local data for nanoid@https://registry.npmjs.org/nanoid/-/nanoid-3.3.7.tgz. Extracting by manifest.
201 silly tarball no local data for tslib@https://registry.npmjs.org/tslib/-/tslib-2.6.2.tgz. Extracting by manifest.
202 silly tarball no local data for watchpack@https://registry.npmjs.org/watchpack/-/watchpack-2.4.0.tgz. Extracting by manifest.
203 silly tarball no local data for postcss@https://registry.npmjs.org/postcss/-/postcss-8.4.31.tgz. Extracting by manifest.
204 silly tarball no local data for styled-jsx@https://registry.npmjs.org/styled-jsx/-/styled-jsx-5.1.1.tgz. Extracting by manifest.
205 silly tarball no local data for @swc/helpers@https://registry.npmjs.org/@swc/helpers/-/helpers-0.5.2.tgz. Extracting by manifest.
206 silly tarball no local data for react-dom@https://registry.npmjs.org/react-dom/-/react-dom-18.2.0.tgz. Extracting by manifest.
207 silly tarball no local data for caniuse-lite@https://registry.npmjs.org/caniuse-lite/-/caniuse-lite-1.0.30001568.tgz. Extracting by manifest.
208 silly tarball no local data for busboy@https://registry.npmjs.org/busboy/-/busboy-1.6.0.tgz. Extracting by manifest.
209 silly tarball no local data for @next/swc-linux-x64-gnu@https://registry.npmjs.org/@next/swc-linux-x64-gnu/-/swc-linux-x64-gnu-14.0.4.tgz. Extracting by manifest.
210 silly tarball no local data for @next/swc-linux-x64-musl@https://registry.npmjs.org/@next/swc-linux-x64-musl/-/swc-linux-x64-musl-14.0.4.tgz. Extracting by manifest.
211 silly tarball no local data for @next/env@https://registry.npmjs.org/@next/env/-/env-14.0.4.tgz. Extracting by manifest.
212 silly tarball no local data for next@https://registry.npmjs.org/next/-/next-14.0.4.tgz. Extracting by manifest.
213 silly tarball no local data for react@https://registry.npmjs.org/react/-/react-18.2.0.tgz. Extracting by manifest.
214 timing reifyNode:node_modules/js-tokens Completed in 49ms
215 timing reifyNode:node_modules/graceful-fs Completed in 48ms
216 timing reifyNode:node_modules/loose-envify Completed in 48ms
217 http fetch GET 200 https://registry.npmjs.org/client-only/-/client-only-0.0.1.tgz 148ms (cache miss)
218 timing reifyNode:node_modules/client-only Completed in 162ms
219 http fetch GET 200 https://registry.npmjs.org/picocolors/-/picocolors-1.0.0.tgz 148ms (cache miss)
220 timing reifyNode:node_modules/picocolors Completed in 161ms
221 http fetch GET 200 https://registry.npmjs.org/nanoid/-/nanoid-3.3.7.tgz 149ms (cache miss)
222 timing reifyNode:node_modules/nanoid Completed in 163ms
223 http fetch GET 200 https://registry.npmjs.org/streamsearch/-/streamsearch-1.1.0.tgz 163ms (cache miss)
224 timing reifyNode:node_modules/streamsearch Completed in 175ms
225 http fetch POST 200 https://registry.npmjs.org/-/npm/v1/security/advisories/bulk 218ms
226 timing auditReport:getReport Completed in 219ms
227 silly audit report {}
228 timing auditReport:init Completed in 0ms
229 timing reify:audit Completed in 219ms
230 http fetch GET 200 https://registry.npmjs.org/glob-to-regexp/-/glob-to-regexp-0.4.1.tgz 306ms (cache miss)
231 timing reifyNode:node_modules/glob-to-regexp Completed in 319ms
232 http fetch GET 200 https://registry.npmjs.org/scheduler/-/scheduler-0.23.0.tgz 308ms (cache miss)
233 timing reifyNode:node_modules/scheduler Completed in 321ms
234 http fetch GET 200 https://registry.npmjs.org/@next/env/-/env-14.0.4.tgz 309ms (cache miss)
235 timing reifyNode:node_modules/@next/env Completed in 334ms
236 http fetch GET 200 https://registry.npmjs.org/busboy/-/busboy-1.6.0.tgz 459ms (cache miss)
237 timing reifyNode:node_modules/busboy Completed in 483ms
238 http fetch GET 200 https://registry.npmjs.org/@swc/helpers/-/helpers-0.5.2.tgz 593ms (cache miss)
239 timing reifyNode:node_modules/@swc/helpers Completed in 615ms
240 http fetch GET 200 https://registry.npmjs.org/watchpack/-/watchpack-2.4.0.tgz 611ms (cache miss)
241 timing reifyNode:node_modules/watchpack Completed in 626ms
242 http fetch GET 200 https://registry.npmjs.org/source-map-js/-/source-map-js-1.0.2.tgz 785ms (cache miss)
243 timing reifyNode:node_modules/source-map-js Completed in 798ms
244 http fetch GET 200 https://registry.npmjs.org/styled-jsx/-/styled-jsx-5.1.1.tgz 869ms (cache miss)
245 timing reifyNode:node_modules/styled-jsx Completed in 889ms
246 http fetch GET 200 https://registry.npmjs.org/react/-/react-18.2.0.tgz 1202ms (cache miss)
247 timing reifyNode:node_modules/react Completed in 1232ms
248 http fetch GET 200 https://registry.npmjs.org/caniuse-lite/-/caniuse-lite-1.0.30001568.tgz 1251ms (cache miss)
249 timing reifyNode:node_modules/caniuse-lite Completed in 1274ms
250 http fetch GET 200 https://registry.npmjs.org/postcss/-/postcss-8.4.31.tgz 1706ms (cache miss)
251 timing reifyNode:node_modules/postcss Completed in 1725ms
252 http fetch GET 200 https://registry.npmjs.org/tslib/-/tslib-2.6.2.tgz 1737ms (cache miss)
253 timing reifyNode:node_modules/tslib Completed in 1751ms
254 http fetch GET 200 https://registry.npmjs.org/react-dom/-/react-dom-18.2.0.tgz 7474ms (cache miss)
255 timing reifyNode:node_modules/react-dom Completed in 7498ms
256 http fetch GET 200 https://registry.npmjs.org/next/-/next-14.0.4.tgz 103711ms (cache miss)
257 timing reifyNode:node_modules/next Completed in 103739ms
258 http fetch GET 200 https://registry.npmjs.org/@next/swc-linux-x64-gnu/-/swc-linux-x64-gnu-14.0.4.tgz 316286ms (cache miss)
259 timing reifyNode:node_modules/@next/swc-linux-x64-gnu Completed in 316310ms
260 http fetch GET 200 https://registry.npmjs.org/@next/swc-linux-x64-musl/-/swc-linux-x64-musl-14.0.4.tgz 343785ms (cache miss)
261 timing reifyNode:node_modules/@next/swc-linux-x64-musl Completed in 343810ms
262 timing reify:unpack Completed in 343811ms
263 timing reify:unretire Completed in 0ms
264 timing build:queue Completed in 1ms
265 timing build:link:node_modules/loose-envify Completed in 2ms
266 timing build:link:node_modules/nanoid Completed in 2ms
267 timing build:link:node_modules/next Completed in 1ms
268 timing build:link Completed in 2ms
269 timing build:deps Completed in 4ms
270 timing build Completed in 4ms
271 timing reify:build Completed in 4ms
272 timing reify:trash Completed in 0ms
273 timing reify:save Completed in 7ms
274 timing reify Completed in 363950ms
275 silly ADD node_modules/glob-to-regexp
276 silly ADD node_modules/client-only
277 silly ADD node_modules/scheduler
278 silly ADD node_modules/js-tokens
279 silly ADD node_modules/loose-envify
280 silly ADD node_modules/source-map-js
281 silly ADD node_modules/picocolors
282 silly ADD node_modules/nanoid
283 silly ADD node_modules/streamsearch
284 silly ADD node_modules/tslib
285 silly ADD node_modules/watchpack
286 silly ADD node_modules/styled-jsx
287 silly ADD node_modules/postcss
288 silly ADD node_modules/graceful-fs
289 silly ADD node_modules/caniuse-lite
290 silly ADD node_modules/busboy
291 silly ADD node_modules/@swc/helpers
292 silly ADD
293 silly ADD
294 silly ADD
295 silly ADD node_modules/@next/swc-linux-x64-musl
296 silly ADD node_modules/@next/swc-linux-x64-gnu
297 silly ADD
298 silly ADD
299 silly ADD
300 silly ADD
301 silly ADD node_modules/@next/env
302 silly ADD node_modules/react-dom
303 silly ADD node_modules/react
304 silly ADD node_modules/next
305 timing command:install Completed in 363955ms
306 verbose exit 0
307 timing npm Completed in 364198ms
308 info ok
