0 verbose cli /home/vagrant/.volta/tools/image/node/20.10.0/bin/node /home/vagrant/.volta/tools/image/npm/10.2.4/bin/npm-cli.js
1 info using npm@10.2.4
2 info using node@v20.10.0
3 timing npm:load:whichnode Completed in 1ms
4 timing config:load:defaults Completed in 1ms
5 timing config:load:file:/home/vagrant/.volta/tools/image/npm/10.2.4/npmrc Completed in 0ms
6 timing config:load:builtin Completed in 0ms
7 timing config:load:cli Completed in 1ms
8 timing config:load:env Completed in 0ms
9 timing config:load:project Completed in 1ms
10 timing config:load:file:/home/vagrant/.npmrc Completed in 0ms
11 timing config:load:user Completed in 0ms
12 timing config:load:file:/home/vagrant/.volta/tools/image/node/20.10.0/etc/npmrc Completed in 0ms
13 timing config:load:global Completed in 0ms
14 timing config:load:setEnvs Completed in 1ms
15 timing config:load Completed in 4ms
16 timing npm:load:configload Completed in 4ms
17 timing config:load:flatten Completed in 1ms
18 timing npm:load:mkdirpcache Completed in 7ms
19 timing npm:load:mkdirplogs Completed in 0ms
20 verbose title npm exec create-next-app blog
21 verbose argv "exec" "--" "create-next-app" "blog"
22 timing npm:load:setTitle Completed in 1ms
23 timing npm:load:display Completed in 0ms
24 verbose logfile logs-max:10 dir:/home/vagrant/.npm/_logs/2023-12-12T07_14_07_684Z-
25 verbose logfile /home/vagrant/.npm/_logs/2023-12-12T07_14_07_684Z-debug-0.log
26 timing npm:load:logFile Completed in 5ms
27 timing npm:load:timers Completed in 0ms
28 timing npm:load:configScope Completed in 0ms
29 timing npm:load Completed in 34ms
30 silly logfile done cleaning log files
31 timing arborist:ctor Completed in 1ms
32 http fetch GET 200 https://registry.npmjs.org/npm 543ms (cache updated)
33 http fetch GET 200 https://registry.npmjs.org/create-next-app 829ms (cache miss)
34 timing arborist:ctor Completed in 0ms
35 timing arborist:ctor Completed in 0ms
36 timing arborist:ctor Completed in 0ms
37 timing idealTree:init Completed in 2ms
38 timing idealTree:userRequests Completed in 0ms
39 silly idealTree buildDeps
40 silly fetch manifest create-next-app@14.0.4
41 http fetch GET 200 https://registry.npmjs.org/create-next-app 9ms (cache hit)
42 silly placeDep ROOT create-next-app@14.0.4 OK for:  want: 14.0.4
43 timing idealTree:#root Completed in 37ms
44 timing idealTree:node_modules/create-next-app Completed in 0ms
45 timing idealTree:buildDeps Completed in 38ms
46 timing idealTree:fixDepFlags Completed in 0ms
47 timing idealTree Completed in 41ms
48 timing reify:loadTrees Completed in 42ms
49 timing reify:diffTrees Completed in 0ms
50 silly reify moves {}
51 timing reify:retireShallow Completed in 0ms
52 timing reify:createSparse Completed in 10ms
53 timing reify:loadBundles Completed in 0ms
54 silly audit bulk request { 'create-next-app': [ '14.0.4' ] }
55 silly tarball no local data for create-next-app@https://registry.npmjs.org/create-next-app/-/create-next-app-14.0.4.tgz. Extracting by manifest.
56 http fetch POST 200 https://registry.npmjs.org/-/npm/v1/security/advisories/bulk 509ms
57 timing auditReport:getReport Completed in 511ms
58 silly audit report {}
59 timing auditReport:init Completed in 0ms
60 timing reify:audit Completed in 513ms
61 http fetch GET 200 https://registry.npmjs.org/create-next-app/-/create-next-app-14.0.4.tgz 3760ms (cache miss)
62 timing reifyNode:node_modules/create-next-app Completed in 3775ms
63 timing reify:unpack Completed in 3775ms
64 timing reify:unretire Completed in 0ms
65 timing build:queue Completed in 0ms
66 timing build:link:node_modules/create-next-app Completed in 1ms
67 timing build:link Completed in 1ms
68 timing build:deps Completed in 1ms
69 timing build Completed in 1ms
70 timing reify:build Completed in 1ms
71 timing reify:trash Completed in 0ms
72 timing reify:save Completed in 3ms
73 timing reify Completed in 3836ms
74 timing command:exec Completed in 134795ms
75 notice
75 notice New [32mpatch[39m version of npm available! [31m10.2.4[39m -> [32m10.2.5[39m
75 notice Changelog: [36mhttps://github.com/npm/cli/releases/tag/v10.2.5[39m
75 notice Run [32mnpm install -g npm@10.2.5[39m to update!
75 notice
76 verbose exit 1
77 timing npm Completed in 134991ms
78 verbose code 1
