0 verbose cli /home/vagrant/.volta/tools/image/node/20.10.0/bin/node /home/vagrant/.volta/tools/image/npm/10.2.4/bin/npm-cli.js
1 info using npm@10.2.4
2 info using node@v20.10.0
3 timing npm:load:whichnode Completed in 16ms
4 timing config:load:defaults Completed in 2ms
5 timing config:load:file:/home/vagrant/.volta/tools/image/npm/10.2.4/npmrc Completed in 0ms
6 timing config:load:builtin Completed in 0ms
7 timing config:load:cli Completed in 2ms
8 timing config:load:env Completed in 0ms
9 timing config:load:file:/home/vagrant/blog/.npmrc Completed in 0ms
10 timing config:load:project Completed in 1ms
11 timing config:load:file:/home/vagrant/.npmrc Completed in 0ms
12 timing config:load:user Completed in 0ms
13 timing config:load:file:/home/vagrant/.volta/tools/image/node/20.10.0/etc/npmrc Completed in 0ms
14 timing config:load:global Completed in 0ms
15 timing config:load:setEnvs Completed in 1ms
16 timing config:load Completed in 6ms
17 timing npm:load:configload Completed in 6ms
18 timing config:load:flatten Completed in 1ms
19 timing npm:load:mkdirpcache Completed in 9ms
20 timing npm:load:mkdirplogs Completed in 0ms
21 verbose title npm config get registry
22 verbose argv "config" "get" "registry"
23 timing npm:load:setTitle Completed in 1ms
24 timing npm:load:display Completed in 0ms
25 verbose logfile logs-max:10 dir:/home/vagrant/.npm/_logs/2023-12-12T07_33_03_635Z-
26 verbose logfile /home/vagrant/.npm/_logs/2023-12-12T07_33_03_635Z-debug-0.log
27 timing npm:load:logFile Completed in 6ms
28 timing npm:load:timers Completed in 0ms
29 timing npm:load:configScope Completed in 0ms
30 timing npm:load Completed in 62ms
31 timing command:config Completed in 1ms
32 verbose exit 0
33 timing npm Completed in 88ms
34 info ok
